<?xml version="1.0" encoding="UTF-8"?>
<!-- Generated by org.testng.reporters.JUnitReportReporter -->
<testsuite hostname="DESKTOP-QVU3QB6" failures="0" tests="1" name="Tests.LoginTest" time="3.287" errors="0" timestamp="2022-11-16T22:20:24 COT" skipped="0">
  <testcase classname="Tests.LoginTest" name="login" time="3.287"/>
  <system-out/>
</testsuite> <!-- Tests.LoginTest -->
