<?xml version="1.0" encoding="UTF-8"?>
<!-- Generated by org.testng.reporters.JUnitReportReporter -->
<testsuite hostname="DESKTOP-QVU3QB6" failures="0" tests="1" name="Tests.LoginFailedTest" time="0.938" errors="0" timestamp="2022-11-16T22:25:16 COT" skipped="0">
  <testcase classname="Tests.LoginFailedTest" name="loginFailed" time="0.938"/>
  <system-out/>
</testsuite> <!-- Tests.LoginFailedTest -->
