<?xml version="1.0" encoding="UTF-8"?>
<!-- Generated by org.testng.reporters.JUnitReportReporter -->
<testsuite hostname="DESKTOP-QVU3QB6" failures="0" tests="1" name="Tests.ChangePersonalDataTest" time="6.789" errors="0" timestamp="2022-11-17T10:24:18 COT" skipped="0">
  <testcase classname="Tests.ChangePersonalDataTest" name="changeName" time="6.789"/>
  <system-out/>
</testsuite> <!-- Tests.ChangePersonalDataTest -->
