<?xml version="1.0" encoding="UTF-8"?>
<!-- Generated by org.testng.reporters.JUnitReportReporter -->
<testsuite hostname="DESKTOP-QVU3QB6" failures="0" tests="1" name="Tests.LoginFailedTest" time="3.168" errors="0" timestamp="2022-11-17T10:52:13 COT" skipped="0">
  <testcase classname="Tests.LoginFailedTest" name="loginFailed" time="3.168"/>
  <system-out/>
</testsuite> <!-- Tests.LoginFailedTest -->
