<?xml version="1.0" encoding="UTF-8"?>
<!-- Generated by org.testng.reporters.JUnitReportReporter -->
<testsuite hostname="DESKTOP-QVU3QB6" failures="0" tests="1" name="Tests.HomeTest" time="7.572" errors="0" timestamp="2022-11-17T00:33:40 COT" skipped="0">
  <testcase classname="Tests.HomeTest" name="search" time="7.572"/>
  <system-out/>
</testsuite> <!-- Tests.HomeTest -->
