<?xml version="1.0" encoding="UTF-8"?>
<!-- Generated by org.testng.reporters.JUnitReportReporter -->
<testsuite hostname="DESKTOP-QVU3QB6" failures="0" tests="1" name="Tests.ChangePersonalDataTest" time="6.433" errors="0" timestamp="2022-11-17T00:29:24 COT" skipped="0">
  <testcase classname="Tests.ChangePersonalDataTest" name="changeCellphone" time="6.433"/>
  <system-out/>
</testsuite> <!-- Tests.ChangePersonalDataTest -->
