<?xml version="1.0" encoding="UTF-8"?>
<!-- Generated by org.testng.reporters.JUnitReportReporter -->
<testsuite hostname="DESKTOP-QVU3QB6" failures="0" tests="1" name="Tests.RegisterTest" time="3.326" errors="0" timestamp="2022-11-16T22:08:34 COT" skipped="0">
  <testcase classname="Tests.RegisterTest" name="register" time="3.326"/>
  <system-out/>
</testsuite> <!-- Tests.RegisterTest -->
