<?xml version="1.0" encoding="UTF-8"?>
<!-- Generated by org.testng.reporters.JUnitReportReporter -->
<testsuite hostname="DESKTOP-QVU3QB6" failures="0" tests="1" name="Tests.LoginFailedTest" time="3.130" errors="0" timestamp="2022-11-19T15:17:12 COT" skipped="0">
  <testcase classname="Tests.LoginFailedTest" name="loginFailed" time="3.130"/>
  <system-out/>
</testsuite> <!-- Tests.LoginFailedTest -->
